{"D:\\MEARN\\React\\New folder\\redux-youtube\\src\\App.js": {"path":"D:\\MEARN\\React\\New folder\\redux-youtube\\src\\App.js","statementMap":{"0":{"start":{"line":11,"column":4},"end":{"line":24,"column":6}}},"fnMap":{"0":{"name":"(anonymous_0)","decl":{"start":{"line":10,"column":2},"end":{"line":10,"column":3}},"loc":{"start":{"line":10,"column":11},"end":{"line":25,"column":3}},"line":10}},"branchMap":{},"s":{"0":0},"f":{"0":0},"b":{},"_coverageSchema":"332fd63041d2c1bcb487cc26dd0d5f7d97098a6c","hash":"b919f142add7aecc0315cf8b55cf4dfe2db4d9bb"}
,"D:\\MEARN\\React\\New folder\\redux-youtube\\src\\configureStore.js": {"path":"D:\\MEARN\\React\\New folder\\redux-youtube\\src\\configureStore.js","statementMap":{"0":{"start":{"line":1,"column":0},"end":{"line":null,"column":-1}},"1":{"start":{"line":2,"column":0},"end":{"line":null,"column":-1}},"2":{"start":{"line":3,"column":0},"end":{"line":null,"column":-1}},"3":{"start":{"line":4,"column":0},"end":{"line":null,"column":-1}},"4":{"start":{"line":5,"column":0},"end":{"line":null,"column":-1}},"5":{"start":{"line":9,"column":29},"end":{"line":9,"column":4}},"6":{"start":{"line":10,"column":24},"end":{"line":10,"column":4}},"7":{"start":{"line":11,"column":18},"end":{"line":11,"column":4}},"8":{"start":{"line":21,"column":4},"end":{"line":null,"column":-1}}},"fnMap":{"0":{"name":"configureStore","decl":{"start":{"line":8,"column":24},"end":{"line":8,"column":15}},"loc":{"start":{"line":8,"column":41},"end":{"line":22,"column":1}}}},"branchMap":{},"s":{"0":0,"1":0,"2":0,"3":0,"4":0,"5":0,"6":0,"7":0,"8":0},"f":{"0":0},"b":{}}
,"D:\\MEARN\\React\\New folder\\redux-youtube\\src\\index.js": {"path":"D:\\MEARN\\React\\New folder\\redux-youtube\\src\\index.js","statementMap":{"0":{"start":{"line":1,"column":0},"end":{"line":null,"column":-1}},"1":{"start":{"line":2,"column":0},"end":{"line":null,"column":-1}},"2":{"start":{"line":3,"column":0},"end":{"line":null,"column":-1}},"3":{"start":{"line":4,"column":0},"end":{"line":null,"column":-1}},"4":{"start":{"line":5,"column":0},"end":{"line":null,"column":-1}},"5":{"start":{"line":6,"column":0},"end":{"line":null,"column":-1}},"6":{"start":{"line":7,"column":0},"end":{"line":null,"column":-1}},"7":{"start":{"line":9,"column":14},"end":{"line":9,"column":0}},"8":{"start":{"line":21,"column":0},"end":{"line":null,"column":-1}}},"fnMap":{},"branchMap":{},"s":{"0":0,"1":0,"2":0,"3":0,"4":0,"5":0,"6":0,"7":0,"8":0},"f":{},"b":{}}
,"D:\\MEARN\\React\\New folder\\redux-youtube\\src\\serviceWorker.js": {"path":"D:\\MEARN\\React\\New folder\\redux-youtube\\src\\serviceWorker.js","statementMap":{"0":{"start":{"line":13,"column":20},"end":{"line":13,"column":0}},"1":{"start":{"line":24,"column":2},"end":{"line":54,"column":3}},"2":{"start":{"line":26,"column":22},"end":{"line":26,"column":4}},"3":{"start":{"line":27,"column":4},"end":{"line":32,"column":5}},"4":{"start":{"line":31,"column":6},"end":{"line":null,"column":-1}},"5":{"start":{"line":34,"column":4},"end":{"line":null,"column":-1}},"6":{"start":{"line":35,"column":17},"end":{"line":35,"column":6}},"7":{"start":{"line":37,"column":6},"end":{"line":52,"column":7}},"8":{"start":{"line":39,"column":8},"end":{"line":37,"column":23}},"9":{"start":{"line":43,"column":8},"end":{"line":null,"column":-1}},"10":{"start":{"line":44,"column":10},"end":{"line":null,"column":-1}},"11":{"start":{"line":51,"column":8},"end":{"line":null,"column":-1}},"12":{"start":{"line":58,"column":2},"end":{"line":null,"column":-1}},"13":{"start":{"line":61,"column":6},"end":{"line":null,"column":-1}},"14":{"start":{"line":62,"column":33},"end":{"line":62,"column":8}},"15":{"start":{"line":63,"column":8},"end":{"line":65,"column":9}},"16":{"start":{"line":64,"column":10},"end":{"line":null,"column":-1}},"17":{"start":{"line":66,"column":8},"end":{"line":null,"column":-1}},"18":{"start":{"line":67,"column":10},"end":{"line":92,"column":11}},"19":{"start":{"line":68,"column":12},"end":{"line":91,"column":13}},"20":{"start":{"line":72,"column":14},"end":{"line":68,"column":52}},"21":{"start":{"line":78,"column":14},"end":{"line":80,"column":15}},"22":{"start":{"line":79,"column":16},"end":{"line":null,"column":-1}},"23":{"start":{"line":85,"column":14},"end":{"line":81,"column":19}},"24":{"start":{"line":88,"column":14},"end":{"line":90,"column":15}},"25":{"start":{"line":89,"column":16},"end":{"line":null,"column":-1}},"26":{"start":{"line":97,"column":6},"end":{"line":null,"column":-1}},"27":{"start":{"line":103,"column":2},"end":{"line":null,"column":-1}},"28":{"start":{"line":106,"column":26},"end":{"line":106,"column":6}},"29":{"start":{"line":107,"column":6},"end":{"line":120,"column":7}},"30":{"start":{"line":112,"column":8},"end":{"line":null,"column":-1}},"31":{"start":{"line":113,"column":10},"end":{"line":null,"column":-1}},"32":{"start":{"line":114,"column":12},"end":{"line":null,"column":-1}},"33":{"start":{"line":119,"column":8},"end":{"line":null,"column":-1}},"34":{"start":{"line":123,"column":6},"end":{"line":null,"column":-1}},"35":{"start":{"line":130,"column":2},"end":{"line":134,"column":3}},"36":{"start":{"line":131,"column":4},"end":{"line":null,"column":-1}},"37":{"start":{"line":132,"column":6},"end":{"line":null,"column":-1}}},"fnMap":{"0":{"name":"register","decl":{"start":{"line":23,"column":16},"end":{"line":23,"column":7}},"loc":{"start":{"line":23,"column":33},"end":{"line":55,"column":1}}},"1":{"name":"(anonymous_1)","decl":{"start":{"line":34,"column":36},"end":{"line":34,"column":41}},"loc":{"start":{"line":34,"column":42},"end":{"line":34,"column":4}}},"2":{"name":"(anonymous_2)","decl":{"start":{"line":43,"column":43},"end":{"line":43,"column":48}},"loc":{"start":{"line":43,"column":49},"end":{"line":43,"column":8}}},"3":{"name":"registerValidSW","decl":{"start":{"line":57,"column":9},"end":{"line":57,"column":0}},"loc":{"start":{"line":57,"column":40},"end":{"line":99,"column":1}}},"4":{"name":"(anonymous_4)","decl":{"start":{"line":60,"column":10},"end":{"line":60,"column":9}},"loc":{"start":{"line":60,"column":26},"end":{"line":58,"column":2}}},"5":{"name":"(anonymous_5)","decl":{"start":{"line":61,"column":35},"end":{"line":61,"column":40}},"loc":{"start":{"line":61,"column":41},"end":{"line":61,"column":6}}},"6":{"name":"(anonymous_6)","decl":{"start":{"line":66,"column":41},"end":{"line":66,"column":46}},"loc":{"start":{"line":66,"column":47},"end":{"line":66,"column":8}}},"7":{"name":"(anonymous_7)","decl":{"start":{"line":96,"column":11},"end":{"line":96,"column":10}},"loc":{"start":{"line":96,"column":20},"end":{"line":58,"column":2}}},"8":{"name":"checkValidServiceWorker","decl":{"start":{"line":101,"column":9},"end":{"line":101,"column":0}},"loc":{"start":{"line":101,"column":48},"end":{"line":127,"column":1}}},"9":{"name":"(anonymous_9)","decl":{"start":{"line":104,"column":10},"end":{"line":104,"column":9}},"loc":{"start":{"line":104,"column":22},"end":{"line":103,"column":2}}},"10":{"name":"(anonymous_10)","decl":{"start":{"line":112,"column":43},"end":{"line":112,"column":42}},"loc":{"start":{"line":112,"column":59},"end":{"line":112,"column":8}}},"11":{"name":"(anonymous_11)","decl":{"start":{"line":113,"column":41},"end":{"line":113,"column":46}},"loc":{"start":{"line":113,"column":47},"end":{"line":113,"column":10}}},"12":{"name":"(anonymous_12)","decl":{"start":{"line":122,"column":11},"end":{"line":122,"column":16}},"loc":{"start":{"line":122,"column":17},"end":{"line":103,"column":2}}},"13":{"name":"unregister","decl":{"start":{"line":129,"column":16},"end":{"line":129,"column":7}},"loc":{"start":{"line":129,"column":29},"end":{"line":135,"column":1}}},"14":{"name":"(anonymous_14)","decl":{"start":{"line":131,"column":39},"end":{"line":131,"column":38}},"loc":{"start":{"line":131,"column":55},"end":{"line":131,"column":4}}}},"branchMap":{"0":{"loc":{"start":{"line":14,"column":2},"end":{"line":14,"column":1}},"type":"binary-expr","locations":[{"start":{"line":14,"column":2},"end":{"line":14,"column":1}},{"start":{"line":16,"column":4},"end":{"line":14,"column":2}},{"start":{"line":18,"column":4},"end":{"line":13,"column":27}}]},"1":{"loc":{"start":{"line":24,"column":2},"end":{"line":54,"column":3}},"type":"if","locations":[{"start":{"line":24,"column":2},"end":{"line":54,"column":3}},{"start":{"line":24,"column":2},"end":{"line":54,"column":3}}]},"2":{"loc":{"start":{"line":24,"column":6},"end":{"line":24,"column":5}},"type":"binary-expr","locations":[{"start":{"line":24,"column":6},"end":{"line":24,"column":5}},{"start":{"line":24,"column":47},"end":{"line":24,"column":2}}]},"3":{"loc":{"start":{"line":27,"column":4},"end":{"line":32,"column":5}},"type":"if","locations":[{"start":{"line":27,"column":4},"end":{"line":32,"column":5}},{"start":{"line":27,"column":4},"end":{"line":32,"column":5}}]},"4":{"loc":{"start":{"line":37,"column":6},"end":{"line":52,"column":7}},"type":"if","locations":[{"start":{"line":37,"column":6},"end":{"line":52,"column":7}},{"start":{"line":37,"column":6},"end":{"line":52,"column":7}}]},"5":{"loc":{"start":{"line":63,"column":8},"end":{"line":65,"column":9}},"type":"if","locations":[{"start":{"line":63,"column":8},"end":{"line":65,"column":9}},{"start":{"line":63,"column":8},"end":{"line":65,"column":9}}]},"6":{"loc":{"start":{"line":67,"column":10},"end":{"line":92,"column":11}},"type":"if","locations":[{"start":{"line":67,"column":10},"end":{"line":92,"column":11}},{"start":{"line":67,"column":10},"end":{"line":92,"column":11}}]},"7":{"loc":{"start":{"line":68,"column":12},"end":{"line":91,"column":13}},"type":"if","locations":[{"start":{"line":68,"column":12},"end":{"line":91,"column":13}},{"start":{"line":68,"column":12},"end":{"line":91,"column":13}}]},"8":{"loc":{"start":{"line":78,"column":14},"end":{"line":80,"column":15}},"type":"if","locations":[{"start":{"line":78,"column":14},"end":{"line":80,"column":15}},{"start":{"line":78,"column":14},"end":{"line":80,"column":15}}]},"9":{"loc":{"start":{"line":78,"column":18},"end":{"line":78,"column":24}},"type":"binary-expr","locations":[{"start":{"line":78,"column":18},"end":{"line":78,"column":24}},{"start":{"line":78,"column":28},"end":{"line":78,"column":14}}]},"10":{"loc":{"start":{"line":88,"column":14},"end":{"line":90,"column":15}},"type":"if","locations":[{"start":{"line":88,"column":14},"end":{"line":90,"column":15}},{"start":{"line":88,"column":14},"end":{"line":90,"column":15}}]},"11":{"loc":{"start":{"line":88,"column":18},"end":{"line":88,"column":24}},"type":"binary-expr","locations":[{"start":{"line":88,"column":18},"end":{"line":88,"column":24}},{"start":{"line":88,"column":28},"end":{"line":88,"column":14}}]},"12":{"loc":{"start":{"line":107,"column":6},"end":{"line":120,"column":7}},"type":"if","locations":[{"start":{"line":107,"column":6},"end":{"line":120,"column":7}},{"start":{"line":107,"column":6},"end":{"line":120,"column":7}}]},"13":{"loc":{"start":{"line":108,"column":8},"end":{"line":108,"column":7}},"type":"binary-expr","locations":[{"start":{"line":108,"column":8},"end":{"line":108,"column":7}},{"start":{"line":109,"column":9},"end":{"line":109,"column":8}},{"start":{"line":109,"column":32},"end":{"line":107,"column":6}}]},"14":{"loc":{"start":{"line":130,"column":2},"end":{"line":134,"column":3}},"type":"if","locations":[{"start":{"line":130,"column":2},"end":{"line":134,"column":3}},{"start":{"line":130,"column":2},"end":{"line":134,"column":3}}]}},"s":{"0":0,"1":0,"2":0,"3":0,"4":0,"5":0,"6":0,"7":0,"8":0,"9":0,"10":0,"11":0,"12":0,"13":0,"14":0,"15":0,"16":0,"17":0,"18":0,"19":0,"20":0,"21":0,"22":0,"23":0,"24":0,"25":0,"26":0,"27":0,"28":0,"29":0,"30":0,"31":0,"32":0,"33":0,"34":0,"35":0,"36":0,"37":0},"f":{"0":0,"1":0,"2":0,"3":0,"4":0,"5":0,"6":0,"7":0,"8":0,"9":0,"10":0,"11":0,"12":0,"13":0,"14":0},"b":{"0":[0,0,0],"1":[0,0],"2":[0,0],"3":[0,0],"4":[0,0],"5":[0,0],"6":[0,0],"7":[0,0],"8":[0,0],"9":[0,0],"10":[0,0],"11":[0,0],"12":[0,0],"13":[0,0,0],"14":[0,0]}}
,"D:\\MEARN\\React\\New folder\\redux-youtube\\src\\actions\\actions.js": {"path":"D:\\MEARN\\React\\New folder\\redux-youtube\\src\\actions\\actions.js","statementMap":{"0":{"start":{"line":5,"column":2},"end":{"line":8,"column":3}},"1":{"start":{"line":12,"column":2},"end":{"line":15,"column":4}},"2":{"start":{"line":19,"column":19},"end":{"line":19,"column":165}},"3":{"start":{"line":20,"column":2},"end":{"line":31,"column":4}},"4":{"start":{"line":21,"column":4},"end":{"line":21,"column":33}},"5":{"start":{"line":22,"column":4},"end":{"line":30,"column":37}},"6":{"start":{"line":25,"column":27},"end":{"line":25,"column":106}},"7":{"start":{"line":26,"column":8},"end":{"line":26,"column":41}},"8":{"start":{"line":27,"column":8},"end":{"line":27,"column":42}},"9":{"start":{"line":30,"column":19},"end":{"line":30,"column":35}},"10":{"start":{"line":35,"column":2},"end":{"line":38,"column":4}},"11":{"start":{"line":43,"column":2},"end":{"line":46,"column":4}},"12":{"start":{"line":50,"column":2},"end":{"line":50,"column":32}},"13":{"start":{"line":51,"column":2},"end":{"line":54,"column":3}},"14":{"start":{"line":57,"column":19},"end":{"line":57,"column":181}},"15":{"start":{"line":59,"column":2},"end":{"line":63,"column":3}},"16":{"start":{"line":60,"column":4},"end":{"line":62,"column":39}},"17":{"start":{"line":61,"column":19},"end":{"line":61,"column":53}},"18":{"start":{"line":62,"column":20},"end":{"line":62,"column":37}},"19":{"start":{"line":62,"column":28},"end":{"line":62,"column":37}}},"fnMap":{"0":{"name":"requestVideos","decl":{"start":{"line":4,"column":9},"end":{"line":4,"column":22}},"loc":{"start":{"line":4,"column":37},"end":{"line":9,"column":1}},"line":4},"1":{"name":"receiveVideos","decl":{"start":{"line":11,"column":9},"end":{"line":11,"column":22}},"loc":{"start":{"line":11,"column":31},"end":{"line":16,"column":1}},"line":11},"2":{"name":"searchQuery","decl":{"start":{"line":18,"column":16},"end":{"line":18,"column":27}},"loc":{"start":{"line":18,"column":35},"end":{"line":32,"column":1}},"line":18},"3":{"name":"(anonymous_3)","decl":{"start":{"line":20,"column":9},"end":{"line":20,"column":10}},"loc":{"start":{"line":20,"column":21},"end":{"line":31,"column":3}},"line":20},"4":{"name":"(anonymous_4)","decl":{"start":{"line":24,"column":12},"end":{"line":24,"column":13}},"loc":{"start":{"line":24,"column":19},"end":{"line":29,"column":7}},"line":24},"5":{"name":"(anonymous_5)","decl":{"start":{"line":30,"column":12},"end":{"line":30,"column":13}},"loc":{"start":{"line":30,"column":19},"end":{"line":30,"column":35}},"line":30},"6":{"name":"setVideo","decl":{"start":{"line":34,"column":9},"end":{"line":34,"column":17}},"loc":{"start":{"line":34,"column":31},"end":{"line":39,"column":1}},"line":34},"7":{"name":"selectVideo","decl":{"start":{"line":41,"column":16},"end":{"line":41,"column":27}},"loc":{"start":{"line":41,"column":42},"end":{"line":47,"column":1}},"line":41},"8":{"name":"nextPageVideos","decl":{"start":{"line":49,"column":9},"end":{"line":49,"column":23}},"loc":{"start":{"line":49,"column":31},"end":{"line":55,"column":1}},"line":49},"9":{"name":"getNextPageVideos","decl":{"start":{"line":56,"column":16},"end":{"line":56,"column":33}},"loc":{"start":{"line":56,"column":48},"end":{"line":64,"column":1}},"line":56},"10":{"name":"(anonymous_10)","decl":{"start":{"line":59,"column":9},"end":{"line":59,"column":10}},"loc":{"start":{"line":59,"column":21},"end":{"line":63,"column":3}},"line":59},"11":{"name":"(anonymous_11)","decl":{"start":{"line":61,"column":12},"end":{"line":61,"column":13}},"loc":{"start":{"line":61,"column":19},"end":{"line":61,"column":53}},"line":61},"12":{"name":"(anonymous_12)","decl":{"start":{"line":62,"column":13},"end":{"line":62,"column":14}},"loc":{"start":{"line":62,"column":19},"end":{"line":62,"column":38}},"line":62}},"branchMap":{"0":{"loc":{"start":{"line":62,"column":20},"end":{"line":62,"column":37}},"type":"if","locations":[{"start":{"line":62,"column":20},"end":{"line":62,"column":37}},{"start":{"line":62,"column":20},"end":{"line":62,"column":37}}],"line":62}},"s":{"0":0,"1":0,"2":0,"3":0,"4":0,"5":0,"6":0,"7":0,"8":0,"9":0,"10":0,"11":0,"12":0,"13":0,"14":0,"15":0,"16":0,"17":0,"18":0,"19":0},"f":{"0":0,"1":0,"2":0,"3":0,"4":0,"5":0,"6":0,"7":0,"8":0,"9":0,"10":0,"11":0,"12":0},"b":{"0":[0,0]},"_coverageSchema":"332fd63041d2c1bcb487cc26dd0d5f7d97098a6c","hash":"41bba87c232cce1aee47aa4a8cdca2f1b8a5676b"}
,"D:\\MEARN\\React\\New folder\\redux-youtube\\src\\components\\header.js": {"path":"D:\\MEARN\\React\\New folder\\redux-youtube\\src\\components\\header.js","statementMap":{"0":{"start":{"line":3,"column":15},"end":{"line":9,"column":1}},"1":{"start":{"line":4,"column":2},"end":{"line":8,"column":5}}},"fnMap":{"0":{"name":"(anonymous_0)","decl":{"start":{"line":3,"column":15},"end":{"line":3,"column":16}},"loc":{"start":{"line":4,"column":2},"end":{"line":8,"column":5}},"line":4}},"branchMap":{},"s":{"0":1,"1":0},"f":{"0":0},"b":{},"_coverageSchema":"332fd63041d2c1bcb487cc26dd0d5f7d97098a6c","hash":"6980f445c4e2ad94a51e0ce052a1916610fa99fa"}
,"D:\\MEARN\\React\\New folder\\redux-youtube\\src\\components\\searchBar.js": {"path":"D:\\MEARN\\React\\New folder\\redux-youtube\\src\\components\\searchBar.js","statementMap":{"0":{"start":{"line":4,"column":18},"end":{"line":43,"column":1}},"1":{"start":{"line":6,"column":2},"end":{"line":42,"column":4}},"2":{"start":{"line":13,"column":14},"end":{"line":13,"column":33}},"3":{"start":{"line":14,"column":14},"end":{"line":16,"column":15}},"4":{"start":{"line":15,"column":16},"end":{"line":15,"column":23}},"5":{"start":{"line":17,"column":14},"end":{"line":17,"column":49}},"6":{"start":{"line":27,"column":32},"end":{"line":27,"column":44}}},"fnMap":{"0":{"name":"(anonymous_0)","decl":{"start":{"line":4,"column":18},"end":{"line":4,"column":19}},"loc":{"start":{"line":4,"column":36},"end":{"line":43,"column":1}},"line":4},"1":{"name":"(anonymous_1)","decl":{"start":{"line":12,"column":22},"end":{"line":12,"column":23}},"loc":{"start":{"line":12,"column":27},"end":{"line":18,"column":13}},"line":12},"2":{"name":"(anonymous_2)","decl":{"start":{"line":27,"column":23},"end":{"line":27,"column":24}},"loc":{"start":{"line":27,"column":32},"end":{"line":27,"column":44}},"line":27}},"branchMap":{"0":{"loc":{"start":{"line":14,"column":14},"end":{"line":16,"column":15}},"type":"if","locations":[{"start":{"line":14,"column":14},"end":{"line":16,"column":15}},{"start":{"line":14,"column":14},"end":{"line":16,"column":15}}],"line":14}},"s":{"0":1,"1":0,"2":0,"3":0,"4":0,"5":0,"6":0},"f":{"0":0,"1":0,"2":0},"b":{"0":[0,0]},"_coverageSchema":"332fd63041d2c1bcb487cc26dd0d5f7d97098a6c","hash":"cd6ad417d88691e66ce92aee19e93d91145a97a9"}
,"D:\\MEARN\\React\\New folder\\redux-youtube\\src\\components\\videoCard.js": {"path":"D:\\MEARN\\React\\New folder\\redux-youtube\\src\\components\\videoCard.js","statementMap":{"0":{"start":{"line":4,"column":18},"end":{"line":29,"column":1}},"1":{"start":{"line":5,"column":24},"end":{"line":5,"column":28}},"2":{"start":{"line":6,"column":44},"end":{"line":6,"column":51}},"3":{"start":{"line":7,"column":16},"end":{"line":7,"column":37}},"4":{"start":{"line":8,"column":20},"end":{"line":8,"column":22}},"5":{"start":{"line":9,"column":21},"end":{"line":9,"column":41}},"6":{"start":{"line":10,"column":2},"end":{"line":28,"column":4}},"7":{"start":{"line":11,"column":63},"end":{"line":11,"column":88}}},"fnMap":{"0":{"name":"(anonymous_0)","decl":{"start":{"line":4,"column":18},"end":{"line":4,"column":19}},"loc":{"start":{"line":4,"column":45},"end":{"line":29,"column":1}},"line":4},"1":{"name":"(anonymous_1)","decl":{"start":{"line":11,"column":57},"end":{"line":11,"column":58}},"loc":{"start":{"line":11,"column":63},"end":{"line":11,"column":88}},"line":11}},"branchMap":{},"s":{"0":1,"1":0,"2":0,"3":0,"4":0,"5":0,"6":0,"7":0},"f":{"0":0,"1":0},"b":{},"_coverageSchema":"332fd63041d2c1bcb487cc26dd0d5f7d97098a6c","hash":"835191e29605118cdec99a2f78de15e141815551"}
,"D:\\MEARN\\React\\New folder\\redux-youtube\\src\\components\\videoList.js": {"path":"D:\\MEARN\\React\\New folder\\redux-youtube\\src\\components\\videoList.js","statementMap":{"0":{"start":{"line":4,"column":18},"end":{"line":30,"column":1}},"1":{"start":{"line":5,"column":2},"end":{"line":23,"column":3}},"2":{"start":{"line":6,"column":20},"end":{"line":6,"column":22}},"3":{"start":{"line":8,"column":4},"end":{"line":11,"column":7}},"4":{"start":{"line":9,"column":6},"end":{"line":9,"column":51}},"5":{"start":{"line":10,"column":6},"end":{"line":10,"column":45}},"6":{"start":{"line":13,"column":20},"end":{"line":15,"column":6}},"7":{"start":{"line":14,"column":6},"end":{"line":14,"column":69}},"8":{"start":{"line":17,"column":4},"end":{"line":22,"column":6}},"9":{"start":{"line":20,"column":57},"end":{"line":20,"column":89}},"10":{"start":{"line":25,"column":2},"end":{"line":29,"column":4}}},"fnMap":{"0":{"name":"(anonymous_0)","decl":{"start":{"line":4,"column":18},"end":{"line":4,"column":19}},"loc":{"start":{"line":4,"column":66},"end":{"line":30,"column":1}},"line":4},"1":{"name":"(anonymous_1)","decl":{"start":{"line":8,"column":19},"end":{"line":8,"column":20}},"loc":{"start":{"line":8,"column":37},"end":{"line":11,"column":5}},"line":8},"2":{"name":"(anonymous_2)","decl":{"start":{"line":13,"column":34},"end":{"line":13,"column":35}},"loc":{"start":{"line":14,"column":6},"end":{"line":14,"column":69}},"line":14},"3":{"name":"(anonymous_3)","decl":{"start":{"line":20,"column":53},"end":{"line":20,"column":54}},"loc":{"start":{"line":20,"column":57},"end":{"line":20,"column":89}},"line":20}},"branchMap":{"0":{"loc":{"start":{"line":5,"column":2},"end":{"line":23,"column":3}},"type":"if","locations":[{"start":{"line":5,"column":2},"end":{"line":23,"column":3}},{"start":{"line":5,"column":2},"end":{"line":23,"column":3}}],"line":5}},"s":{"0":1,"1":0,"2":0,"3":0,"4":0,"5":0,"6":0,"7":0,"8":0,"9":0,"10":0},"f":{"0":0,"1":0,"2":0,"3":0},"b":{"0":[0,0]},"_coverageSchema":"332fd63041d2c1bcb487cc26dd0d5f7d97098a6c","hash":"a7967b055ea13f086b2b0511e34451b573e6f631"}
,"D:\\MEARN\\React\\New folder\\redux-youtube\\src\\components\\videoPlayer.js": {"path":"D:\\MEARN\\React\\New folder\\redux-youtube\\src\\components\\videoPlayer.js","statementMap":{"0":{"start":{"line":3,"column":20},"end":{"line":34,"column":1}},"1":{"start":{"line":4,"column":2},"end":{"line":4,"column":21}},"2":{"start":{"line":5,"column":2},"end":{"line":11,"column":3}},"3":{"start":{"line":6,"column":4},"end":{"line":10,"column":6}},"4":{"start":{"line":13,"column":29},"end":{"line":13,"column":34}},"5":{"start":{"line":15,"column":12},"end":{"line":15,"column":65}},"6":{"start":{"line":16,"column":2},"end":{"line":33,"column":4}}},"fnMap":{"0":{"name":"(anonymous_0)","decl":{"start":{"line":3,"column":20},"end":{"line":3,"column":21}},"loc":{"start":{"line":3,"column":35},"end":{"line":34,"column":1}},"line":3}},"branchMap":{"0":{"loc":{"start":{"line":5,"column":2},"end":{"line":11,"column":3}},"type":"if","locations":[{"start":{"line":5,"column":2},"end":{"line":11,"column":3}},{"start":{"line":5,"column":2},"end":{"line":11,"column":3}}],"line":5},"1":{"loc":{"start":{"line":21,"column":15},"end":{"line":21,"column":42}},"type":"cond-expr","locations":[{"start":{"line":21,"column":34},"end":{"line":21,"column":36}},{"start":{"line":21,"column":39},"end":{"line":21,"column":42}}],"line":21}},"s":{"0":1,"1":0,"2":0,"3":0,"4":0,"5":0,"6":0},"f":{"0":0},"b":{"0":[0,0],"1":[0,0]},"_coverageSchema":"332fd63041d2c1bcb487cc26dd0d5f7d97098a6c","hash":"2a954a82969f36aa662c5bafdb4aaa1cdde7ffc2"}
,"D:\\MEARN\\React\\New folder\\redux-youtube\\src\\constants\\consts.js": {"path":"D:\\MEARN\\React\\New folder\\redux-youtube\\src\\constants\\consts.js","statementMap":{"0":{"start":{"line":1,"column":29},"end":{"line":1,"column":43}},"1":{"start":{"line":2,"column":29},"end":{"line":2,"column":44}},"2":{"start":{"line":3,"column":23},"end":{"line":3,"column":64}},"3":{"start":{"line":4,"column":28},"end":{"line":4,"column":42}},"4":{"start":{"line":5,"column":32},"end":{"line":5,"column":50}}},"fnMap":{},"branchMap":{},"s":{"0":2,"1":2,"2":2,"3":2,"4":2},"f":{},"b":{},"_coverageSchema":"332fd63041d2c1bcb487cc26dd0d5f7d97098a6c","hash":"32a7cc13a02e0c1c95a79e7405efe45e92799a2f"}
,"D:\\MEARN\\React\\New folder\\redux-youtube\\src\\containers\\searchBarContainer.js": {"path":"D:\\MEARN\\React\\New folder\\redux-youtube\\src\\containers\\searchBarContainer.js","statementMap":{"0":{"start":{"line":1,"column":0},"end":{"line":null,"column":-1}},"1":{"start":{"line":2,"column":0},"end":{"line":null,"column":-1}},"2":{"start":{"line":3,"column":0},"end":{"line":null,"column":-1}},"3":{"start":{"line":5,"column":24},"end":{"line":5,"column":0}},"4":{"start":{"line":5,"column":29},"end":{"line":null,"column":-1}},"5":{"start":{"line":6,"column":27},"end":{"line":6,"column":0}},"6":{"start":{"line":6,"column":35},"end":{"line":null,"column":-1}},"7":{"start":{"line":7,"column":15},"end":{"line":null,"column":-1}}},"fnMap":{"0":{"name":"mapStateToProps","decl":{"start":{"line":5,"column":6},"end":{"line":5,"column":24}},"loc":{"start":{"line":5,"column":29},"end":{"line":5,"column":0}}},"1":{"name":"mapDispatchToProps","decl":{"start":{"line":6,"column":6},"end":{"line":6,"column":27}},"loc":{"start":{"line":6,"column":35},"end":{"line":6,"column":0}}},"2":{"name":"searchQuery","decl":{"start":{"line":7,"column":15},"end":{"line":7,"column":15}},"loc":{"start":{"line":7,"column":15},"end":{"line":null,"column":-1}}}},"branchMap":{},"s":{"0":0,"1":0,"2":0,"3":0,"4":0,"5":0,"6":0,"7":0},"f":{"0":0,"1":0,"2":0},"b":{}}
,"D:\\MEARN\\React\\New folder\\redux-youtube\\src\\containers\\videoListContainer.js": {"path":"D:\\MEARN\\React\\New folder\\redux-youtube\\src\\containers\\videoListContainer.js","statementMap":{"0":{"start":{"line":5,"column":24},"end":{"line":7,"column":2}},"1":{"start":{"line":5,"column":36},"end":{"line":7,"column":1}},"2":{"start":{"line":8,"column":27},"end":{"line":11,"column":2}},"3":{"start":{"line":8,"column":40},"end":{"line":11,"column":1}},"4":{"start":{"line":9,"column":31},"end":{"line":9,"column":66}},"5":{"start":{"line":10,"column":38},"end":{"line":10,"column":80}}},"fnMap":{"0":{"name":"(anonymous_0)","decl":{"start":{"line":5,"column":24},"end":{"line":5,"column":25}},"loc":{"start":{"line":5,"column":36},"end":{"line":7,"column":1}},"line":5},"1":{"name":"(anonymous_1)","decl":{"start":{"line":8,"column":27},"end":{"line":8,"column":28}},"loc":{"start":{"line":8,"column":40},"end":{"line":11,"column":1}},"line":8},"2":{"name":"(anonymous_2)","decl":{"start":{"line":9,"column":15},"end":{"line":9,"column":16}},"loc":{"start":{"line":9,"column":31},"end":{"line":9,"column":66}},"line":9},"3":{"name":"(anonymous_3)","decl":{"start":{"line":10,"column":21},"end":{"line":10,"column":22}},"loc":{"start":{"line":10,"column":38},"end":{"line":10,"column":80}},"line":10}},"branchMap":{},"s":{"0":1,"1":0,"2":1,"3":0,"4":0,"5":0},"f":{"0":0,"1":0,"2":0,"3":0},"b":{},"_coverageSchema":"332fd63041d2c1bcb487cc26dd0d5f7d97098a6c","hash":"893a52b5f25d826f1e357ae9968cb80020b64d05"}
,"D:\\MEARN\\React\\New folder\\redux-youtube\\src\\containers\\videoPlayerContainer.js": {"path":"D:\\MEARN\\React\\New folder\\redux-youtube\\src\\containers\\videoPlayerContainer.js","statementMap":{"0":{"start":{"line":4,"column":24},"end":{"line":6,"column":2}},"1":{"start":{"line":4,"column":34},"end":{"line":6,"column":1}},"2":{"start":{"line":8,"column":27},"end":{"line":8,"column":43}},"3":{"start":{"line":8,"column":40},"end":{"line":8,"column":42}}},"fnMap":{"0":{"name":"(anonymous_0)","decl":{"start":{"line":4,"column":24},"end":{"line":4,"column":25}},"loc":{"start":{"line":4,"column":34},"end":{"line":6,"column":1}},"line":4},"1":{"name":"(anonymous_1)","decl":{"start":{"line":8,"column":27},"end":{"line":8,"column":28}},"loc":{"start":{"line":8,"column":40},"end":{"line":8,"column":42}},"line":8}},"branchMap":{},"s":{"0":1,"1":0,"2":1,"3":0},"f":{"0":0,"1":0},"b":{},"_coverageSchema":"332fd63041d2c1bcb487cc26dd0d5f7d97098a6c","hash":"eb1ce999b3477793f7efa7f1cc64dc1b8194c6ff"}
,"D:\\MEARN\\React\\New folder\\redux-youtube\\src\\reducers\\reducer.js": {"path":"D:\\MEARN\\React\\New folder\\redux-youtube\\src\\reducers\\reducer.js","statementMap":{"0":{"start":{"line":9,"column":2},"end":{"line":19,"column":3}},"1":{"start":{"line":11,"column":6},"end":{"line":11,"column":29}},"2":{"start":{"line":14,"column":6},"end":{"line":14,"column":34}},"3":{"start":{"line":15,"column":6},"end":{"line":15,"column":41}},"4":{"start":{"line":16,"column":6},"end":{"line":16,"column":38}},"5":{"start":{"line":18,"column":6},"end":{"line":18,"column":19}},"6":{"start":{"line":23,"column":2},"end":{"line":29,"column":3}},"7":{"start":{"line":25,"column":6},"end":{"line":25,"column":57}},"8":{"start":{"line":28,"column":6},"end":{"line":28,"column":19}},"9":{"start":{"line":33,"column":2},"end":{"line":39,"column":3}},"10":{"start":{"line":35,"column":6},"end":{"line":35,"column":34}},"11":{"start":{"line":38,"column":6},"end":{"line":38,"column":18}}},"fnMap":{"0":{"name":"items","decl":{"start":{"line":8,"column":16},"end":{"line":8,"column":21}},"loc":{"start":{"line":8,"column":42},"end":{"line":20,"column":1}},"line":8},"1":{"name":"videoToPlay","decl":{"start":{"line":22,"column":16},"end":{"line":22,"column":27}},"loc":{"start":{"line":22,"column":48},"end":{"line":30,"column":1}},"line":22},"2":{"name":"requestStatus","decl":{"start":{"line":32,"column":16},"end":{"line":32,"column":29}},"loc":{"start":{"line":32,"column":49},"end":{"line":40,"column":1}},"line":32}},"branchMap":{"0":{"loc":{"start":{"line":8,"column":22},"end":{"line":8,"column":32}},"type":"default-arg","locations":[{"start":{"line":8,"column":30},"end":{"line":8,"column":32}}],"line":8},"1":{"loc":{"start":{"line":9,"column":2},"end":{"line":19,"column":3}},"type":"switch","locations":[{"start":{"line":10,"column":4},"end":{"line":11,"column":29}},{"start":{"line":13,"column":4},"end":{"line":16,"column":38}},{"start":{"line":17,"column":4},"end":{"line":18,"column":19}}],"line":9},"2":{"loc":{"start":{"line":22,"column":28},"end":{"line":22,"column":38}},"type":"default-arg","locations":[{"start":{"line":22,"column":36},"end":{"line":22,"column":38}}],"line":22},"3":{"loc":{"start":{"line":23,"column":2},"end":{"line":29,"column":3}},"type":"switch","locations":[{"start":{"line":24,"column":4},"end":{"line":25,"column":57}},{"start":{"line":27,"column":4},"end":{"line":28,"column":19}}],"line":23},"4":{"loc":{"start":{"line":32,"column":30},"end":{"line":32,"column":40}},"type":"default-arg","locations":[{"start":{"line":32,"column":38},"end":{"line":32,"column":40}}],"line":32},"5":{"loc":{"start":{"line":33,"column":2},"end":{"line":39,"column":3}},"type":"switch","locations":[{"start":{"line":34,"column":4},"end":{"line":35,"column":34}},{"start":{"line":37,"column":4},"end":{"line":38,"column":18}}],"line":33}},"s":{"0":0,"1":0,"2":0,"3":0,"4":0,"5":0,"6":0,"7":0,"8":0,"9":0,"10":0,"11":0},"f":{"0":0,"1":0,"2":0},"b":{"0":[0],"1":[0,0,0],"2":[0],"3":[0,0],"4":[0],"5":[0,0]},"_coverageSchema":"332fd63041d2c1bcb487cc26dd0d5f7d97098a6c","hash":"b5d2782c2307e37dd4ec5a4dc9f665aa1fa27b8d"}
,"D:\\MEARN\\React\\New folder\\redux-youtube\\src\\shared\\Button\\index.js": {"path":"D:\\MEARN\\React\\New folder\\redux-youtube\\src\\shared\\Button\\index.js","statementMap":{"0":{"start":{"line":1,"column":0},"end":{"line":null,"column":-1}},"1":{"start":{"line":4,"column":2},"end":{"line":null,"column":-1}}},"fnMap":{},"branchMap":{},"s":{"0":0,"1":0},"f":{},"b":{}}
,"D:\\MEARN\\React\\New folder\\redux-youtube\\src\\test\\fileTransformer.js": {"path":"D:\\MEARN\\React\\New folder\\redux-youtube\\src\\test\\fileTransformer.js","statementMap":{"0":{"start":{"line":3,"column":20},"end":{"line":3,"column":42}},"1":{"start":{"line":4,"column":19},"end":{"line":4,"column":47}},"2":{"start":{"line":6,"column":0},"end":{"line":15,"column":2}},"3":{"start":{"line":8,"column":19},"end":{"line":11,"column":6}},"4":{"start":{"line":13,"column":4},"end":{"line":13,"column":38}}},"fnMap":{},"branchMap":{"0":{"loc":{"start":{"line":13,"column":11},"end":{"line":13,"column":37}},"type":"cond-expr","locations":[{"start":{"line":13,"column":20},"end":{"line":13,"column":31}},{"start":{"line":13,"column":34},"end":{"line":13,"column":37}}],"line":13}},"s":{"0":2,"1":2,"2":2,"3":0,"4":0},"f":{},"b":{"0":[0,0]},"_coverageSchema":"332fd63041d2c1bcb487cc26dd0d5f7d97098a6c","hash":"d6f41f8d60549a153f1082a2783752bc2ea64060"}
,"D:\\MEARN\\React\\New folder\\redux-youtube\\src\\test\\setup.js": {"path":"D:\\MEARN\\React\\New folder\\redux-youtube\\src\\test\\setup.js","statementMap":{"0":{"start":{"line":1,"column":18},"end":{"line":1,"column":34}},"1":{"start":{"line":3,"column":14},"end":{"line":3,"column":68}},"2":{"start":{"line":4,"column":19},"end":{"line":4,"column":24}},"3":{"start":{"line":7,"column":2},"end":{"line":10,"column":5}},"4":{"start":{"line":13,"column":0},"end":{"line":13,"column":23}},"5":{"start":{"line":14,"column":0},"end":{"line":14,"column":34}},"6":{"start":{"line":15,"column":0},"end":{"line":17,"column":2}},"7":{"start":{"line":18,"column":0},"end":{"line":20,"column":2}},"8":{"start":{"line":19,"column":2},"end":{"line":19,"column":33}},"9":{"start":{"line":21,"column":0},"end":{"line":23,"column":2}},"10":{"start":{"line":22,"column":2},"end":{"line":22,"column":19}},"11":{"start":{"line":24,"column":0},"end":{"line":24,"column":26}}},"fnMap":{"0":{"name":"copyProps","decl":{"start":{"line":6,"column":9},"end":{"line":6,"column":18}},"loc":{"start":{"line":6,"column":32},"end":{"line":11,"column":1}},"line":6},"1":{"name":"(anonymous_1)","decl":{"start":{"line":18,"column":31},"end":{"line":18,"column":32}},"loc":{"start":{"line":18,"column":51},"end":{"line":20,"column":1}},"line":18},"2":{"name":"(anonymous_2)","decl":{"start":{"line":21,"column":30},"end":{"line":21,"column":31}},"loc":{"start":{"line":21,"column":44},"end":{"line":23,"column":1}},"line":21}},"branchMap":{},"s":{"0":2,"1":2,"2":2,"3":2,"4":2,"5":2,"6":2,"7":2,"8":0,"9":2,"10":0,"11":2},"f":{"0":2,"1":0,"2":0},"b":{},"_coverageSchema":"332fd63041d2c1bcb487cc26dd0d5f7d97098a6c","hash":"0c72500707e300cb7c0a3883f03ac4010442d747"}
,"D:\\MEARN\\React\\New folder\\redux-youtube\\src\\test\\setupTests.js": {"path":"D:\\MEARN\\React\\New folder\\redux-youtube\\src\\test\\setupTests.js","statementMap":{"0":{"start":{"line":3,"column":0},"end":{"line":3,"column":38}}},"fnMap":{},"branchMap":{},"s":{"0":2},"f":{},"b":{},"_coverageSchema":"332fd63041d2c1bcb487cc26dd0d5f7d97098a6c","hash":"2a47aa425f9952cd1f2f07cb546a969dada5713c"}
}
